Running in Lattice mode


Starting:    C:\lscc\iCEcube2.2020.12\synpbase\bin64\mbin\synbatch.exe
Install:     C:\lscc\iCEcube2.2020.12\synpbase
Hostname:    DESKTOP-C8BS2IR
Date:        Sun Dec 11 09:34:36 2022
Version:     L-2016.09L+ice40

Arguments:   -product synplify_pro -batch Project1_Switches_And_LEDs_syn.prj
ProductType: synplify_pro





log file: "C:\lscc\iCEcube2.2020.12\sbt_backend\Projects\Project1_Switches_And_LEDs\Project1_Switches_And_LEDs_Implmnt\Project1_Switches_And_LEDs.srr"
Running: Project1_Switches_And_LEDs_Implmnt in foreground

Running Project1_Switches_And_LEDs_syn|Project1_Switches_And_LEDs_Implmnt

Running: compile (Compile) on Project1_Switches_And_LEDs_syn|Project1_Switches_And_LEDs_Implmnt
# Sun Dec 11 09:34:36 2022

Running: compile_flow (Compile Process) on Project1_Switches_And_LEDs_syn|Project1_Switches_And_LEDs_Implmnt
# Sun Dec 11 09:34:36 2022

Running: compiler (Compile Input) on Project1_Switches_And_LEDs_syn|Project1_Switches_And_LEDs_Implmnt
# Sun Dec 11 09:34:36 2022
Copied C:\lscc\iCEcube2.2020.12\sbt_backend\Projects\Project1_Switches_And_LEDs\Project1_Switches_And_LEDs_Implmnt\synwork\Project1_Switches_And_LEDs_comp.srs to C:\lscc\iCEcube2.2020.12\sbt_backend\Projects\Project1_Switches_And_LEDs\Project1_Switches_And_LEDs_Implmnt\Project1_Switches_And_LEDs.srs

compiler completed
# Sun Dec 11 09:34:39 2022

Return Code: 0
Run Time:00h:00m:03s

Running: multi_srs_gen (Multi-srs Generator) on Project1_Switches_And_LEDs_syn|Project1_Switches_And_LEDs_Implmnt
# Sun Dec 11 09:34:39 2022

multi_srs_gen completed
# Sun Dec 11 09:34:39 2022

Return Code: 0
Run Time:00h:00m:00s
Copied C:\lscc\iCEcube2.2020.12\sbt_backend\Projects\Project1_Switches_And_LEDs\Project1_Switches_And_LEDs_Implmnt\synwork\Project1_Switches_And_LEDs_mult.srs to C:\lscc\iCEcube2.2020.12\sbt_backend\Projects\Project1_Switches_And_LEDs\Project1_Switches_And_LEDs_Implmnt\Project1_Switches_And_LEDs.srs
Complete: Compile Process on Project1_Switches_And_LEDs_syn|Project1_Switches_And_LEDs_Implmnt

Running: premap (Pre-mapping) on Project1_Switches_And_LEDs_syn|Project1_Switches_And_LEDs_Implmnt
# Sun Dec 11 09:34:39 2022

premap completed
# Sun Dec 11 09:34:41 2022

Return Code: 0
Run Time:00h:00m:02s
Complete: Compile on Project1_Switches_And_LEDs_syn|Project1_Switches_And_LEDs_Implmnt

Running: map (Map) on Project1_Switches_And_LEDs_syn|Project1_Switches_And_LEDs_Implmnt
# Sun Dec 11 09:34:41 2022
License granted for 4 parallel jobs

Running: fpga_mapper (Map & Optimize) on Project1_Switches_And_LEDs_syn|Project1_Switches_And_LEDs_Implmnt
# Sun Dec 11 09:34:41 2022
Copied C:\lscc\iCEcube2.2020.12\sbt_backend\Projects\Project1_Switches_And_LEDs\Project1_Switches_And_LEDs_Implmnt\synwork\Project1_Switches_And_LEDs_m.srm to C:\lscc\iCEcube2.2020.12\sbt_backend\Projects\Project1_Switches_And_LEDs\Project1_Switches_And_LEDs_Implmnt\Project1_Switches_And_LEDs.srm

fpga_mapper completed
# Sun Dec 11 09:34:42 2022

Return Code: 0
Run Time:00h:00m:01s
Complete: Map on Project1_Switches_And_LEDs_syn|Project1_Switches_And_LEDs_Implmnt
Complete: Logic Synthesis on Project1_Switches_And_LEDs_syn|Project1_Switches_And_LEDs_Implmnt

exit status=0

exit status=0

